<?xml version="1.0" encoding="UTF-8"?>
<!-- Generated by org.testng.reporters.JUnitXMLReporter -->
<testsuite hostname="ICE-PC" ignored="6" name="Default test" tests="1" failures="0" timestamp="23 Aug 2019 10:22:43 GMT" time="50.934" errors="0">
  <testcase name="datePickerTest" time="10.635" classname="com.shopcart.dashboard.testcases.DashboardPageTest"/>
  <testcase name="verifyIconBtnTest" time="0.0" classname="com.shopcart.dashboard.testcases.DashboardPageTest">
    <ignored/>
  </testcase> <!-- verifyIconBtnTest -->
  <testcase name="verifyShoppingCartIcon" time="0.0" classname="com.shopcart.dashboard.testcases.DashboardPageTest">
    <ignored/>
  </testcase> <!-- verifyShoppingCartIcon -->
  <testcase name="verifyhelpBtnTest" time="0.0" classname="com.shopcart.dashboard.testcases.DashboardPageTest">
    <ignored/>
  </testcase> <!-- verifyhelpBtnTest -->
  <testcase name="verifyPageTitleTest" time="0.0" classname="com.shopcart.dashboard.testcases.DashboardPageTest">
    <ignored/>
  </testcase> <!-- verifyPageTitleTest -->
  <testcase name="verifypageLabel" time="0.0" classname="com.shopcart.dashboard.testcases.DashboardPageTest">
    <ignored/>
  </testcase> <!-- verifypageLabel -->
  <testcase name="verifylocalization" time="0.0" classname="com.shopcart.dashboard.testcases.DashboardPageTest">
    <ignored/>
  </testcase> <!-- verifylocalization -->
</testsuite> <!-- Default test -->
