<?xml version="1.0" encoding="UTF-8"?>
<testng-results skipped="0" failed="0" ignored="6" total="7" passed="1">
  <reporter-output>
  </reporter-output>
  <suite name="Default suite" duration-ms="50934" started-at="2019-08-23T10:21:52Z" finished-at="2019-08-23T10:22:43Z">
    <groups>
    </groups>
    <test name="Default test" duration-ms="50934" started-at="2019-08-23T10:21:52Z" finished-at="2019-08-23T10:22:43Z">
      <class name="com.shopcart.dashboard.testcases.DashboardPageTest">
        <test-method status="PASS" signature="setUp()[pri:0, instance:com.shopcart.dashboard.testcases.DashboardPageTest@1e2dbf3]" name="setUp" is-config="true" duration-ms="40231" started-at="2019-08-23T10:21:52Z" finished-at="2019-08-23T10:22:33Z">
          <reporter-output>
          </reporter-output>
        </test-method> <!-- setUp -->
        <test-method status="PASS" signature="datePickerTest()[pri:0, instance:com.shopcart.dashboard.testcases.DashboardPageTest@1e2dbf3]" name="datePickerTest" duration-ms="10635" started-at="2019-08-23T10:22:33Z" finished-at="2019-08-23T10:22:43Z">
          <reporter-output>
          </reporter-output>
        </test-method> <!-- datePickerTest -->
      </class> <!-- com.shopcart.dashboard.testcases.DashboardPageTest -->
    </test> <!-- Default test -->
  </suite> <!-- Default suite -->
</testng-results>
